<?xml version="1.0" encoding="UTF-8"?>
<!-- Generated by org.testng.reporters.JUnitReportReporter -->
<testsuite hostname="DESKTOP-UGGGIS6" failures="0" tests="2" name="validateUserIDAnd_Balance.ValidateNeoStoxAccBalance" time="55.535" errors="0" timestamp="2022-12-21T20:58:57 IST" skipped="0">
  <testcase classname="validateUserIDAnd_Balance.ValidateNeoStoxAccBalance" name="ValidateUserID" time="27.208"/>
  <system-out/>
  <testcase classname="validateUserIDAnd_Balance.ValidateNeoStoxAccBalance" name="ValidateAccBalance" time="28.327"/>
  <system-out/>
</testsuite> <!-- validateUserIDAnd_Balance.ValidateNeoStoxAccBalance -->
