<?xml version="1.0" encoding="UTF-8"?>
<!-- Generated by org.testng.reporters.JUnitReportReporter -->
<testsuite hostname="DESKTOP-UGGGIS6" failures="0" tests="2" name="validateUserIDAnd_Balance.ValidateNeoStoxAccBalance" time="35.582" errors="0" timestamp="2022-12-05T00:25:47 IST" skipped="0">
  <testcase classname="validateUserIDAnd_Balance.ValidateNeoStoxAccBalance" name="ValidateUserID" time="16.536"/>
  <system-out>
    <![CDATA[Waiting for5000ms
Actual User Name is Sameer Sonawane
reading data from excel
Waiting for5000ms
Actual User Name is Sameer Sonawane
Waiting for2000ms
Taking ScreenShot]]>
  </system-out>
  <testcase classname="validateUserIDAnd_Balance.ValidateNeoStoxAccBalance" name="ValidateAccBalance" time="19.046"/>
  <system-out>
    <![CDATA[Waiting for5000ms
Actual Balance isRs.5,00,000.00
Waiting for2000ms
Taking ScreenShot]]>
  </system-out>
</testsuite> <!-- validateUserIDAnd_Balance.ValidateNeoStoxAccBalance -->
